<?xml version="1.0" encoding="UTF-8"?>
<testng-results skipped="0" failed="0" ignored="0" total="1" passed="1">
  <reporter-output>
  </reporter-output>
  <suite name="Default suite" duration-ms="22706" started-at="2022-08-14T19:45:45 IST" finished-at="2022-08-14T19:46:07 IST">
    <groups>
    </groups>
    <test name="Default test" duration-ms="22706" started-at="2022-08-14T19:45:45 IST" finished-at="2022-08-14T19:46:07 IST">
      <class name="com.sample.test.TEtx">
        <test-method status="PASS" signature="m()[pri:0, instance:com.sample.test.TEtx@2bbf4b8b]" name="m" duration-ms="22582" started-at="2022-08-14T19:45:45 IST" finished-at="2022-08-14T19:46:07 IST">
          <reporter-output>
          </reporter-output>
        </test-method> <!-- m -->
      </class> <!-- com.sample.test.TEtx -->
    </test> <!-- Default test -->
  </suite> <!-- Default suite -->
</testng-results>
